<?xml version="1.0" encoding="UTF-8"?>
<testsuite xmlns:xsi="http://www.w3.org/2001/XMLSchema-instance" xsi:noNamespaceSchemaLocation="https://maven.apache.org/surefire/maven-surefire-plugin/xsd/surefire-test-report.xsd" name="proyecto.AppTest" time="0.031" tests="1" errors="0" skipped="0" failures="0">
  <properties>
    <property name="java.specification.version" value="21"/>
    <property name="sun.jnu.encoding" value="UTF-8"/>
    <property name="java.class.path" value="/home/agustin/Desktop/DHS-Proyecto/proyecto/target/test-classes:/home/agustin/Desktop/DHS-Proyecto/proyecto/target/classes:/home/agustin/.m2/repository/org/antlr/antlr4/4.9/antlr4-4.9.jar:/home/agustin/.m2/repository/org/antlr/antlr4-runtime/4.9/antlr4-runtime-4.9.jar:/home/agustin/.m2/repository/org/antlr/antlr-runtime/3.5.2/antlr-runtime-3.5.2.jar:/home/agustin/.m2/repository/org/antlr/ST4/4.3/ST4-4.3.jar:/home/agustin/.m2/repository/org/abego/treelayout/org.abego.treelayout.core/1.0.3/org.abego.treelayout.core-1.0.3.jar:/home/agustin/.m2/repository/org/glassfish/javax.json/1.0.4/javax.json-1.0.4.jar:/home/agustin/.m2/repository/com/ibm/icu/icu4j/61.1/icu4j-61.1.jar:/home/agustin/.m2/repository/junit/junit/4.11/junit-4.11.jar:/home/agustin/.m2/repository/org/hamcrest/hamcrest-core/1.3/hamcrest-core-1.3.jar:"/>
    <property name="java.vm.vendor" value="Ubuntu"/>
    <property name="sun.arch.data.model" value="64"/>
    <property name="java.vendor.url" value="https://ubuntu.com/"/>
    <property name="os.name" value="Linux"/>
    <property name="java.vm.specification.version" value="21"/>
    <property name="sun.java.launcher" value="SUN_STANDARD"/>
    <property name="user.country" value="US"/>
    <property name="sun.boot.library.path" value="/usr/lib/jvm/java-21-openjdk-amd64/lib"/>
    <property name="sun.java.command" value="/home/agustin/Desktop/DHS-Proyecto/proyecto/target/surefire/surefirebooter17479378129066368408.jar /home/agustin/Desktop/DHS-Proyecto/proyecto/target/surefire 2025-01-24T10-18-10_527-jvmRun1 surefire5279365248712558560tmp surefire_04673165840167542327tmp"/>
    <property name="jdk.debug" value="release"/>
    <property name="surefire.test.class.path" value="/home/agustin/Desktop/DHS-Proyecto/proyecto/target/test-classes:/home/agustin/Desktop/DHS-Proyecto/proyecto/target/classes:/home/agustin/.m2/repository/org/antlr/antlr4/4.9/antlr4-4.9.jar:/home/agustin/.m2/repository/org/antlr/antlr4-runtime/4.9/antlr4-runtime-4.9.jar:/home/agustin/.m2/repository/org/antlr/antlr-runtime/3.5.2/antlr-runtime-3.5.2.jar:/home/agustin/.m2/repository/org/antlr/ST4/4.3/ST4-4.3.jar:/home/agustin/.m2/repository/org/abego/treelayout/org.abego.treelayout.core/1.0.3/org.abego.treelayout.core-1.0.3.jar:/home/agustin/.m2/repository/org/glassfish/javax.json/1.0.4/javax.json-1.0.4.jar:/home/agustin/.m2/repository/com/ibm/icu/icu4j/61.1/icu4j-61.1.jar:/home/agustin/.m2/repository/junit/junit/4.11/junit-4.11.jar:/home/agustin/.m2/repository/org/hamcrest/hamcrest-core/1.3/hamcrest-core-1.3.jar:"/>
    <property name="sun.cpu.endian" value="little"/>
    <property name="user.home" value="/home/agustin"/>
    <property name="user.language" value="en"/>
    <property name="java.specification.vendor" value="Oracle Corporation"/>
    <property name="java.version.date" value="2024-10-15"/>
    <property name="java.home" value="/usr/lib/jvm/java-21-openjdk-amd64"/>
    <property name="file.separator" value="/"/>
    <property name="basedir" value="/home/agustin/Desktop/DHS-Proyecto/proyecto"/>
    <property name="java.vm.compressedOopsMode" value="Zero based"/>
    <property name="line.separator" value="&#10;"/>
    <property name="java.specification.name" value="Java Platform API Specification"/>
    <property name="java.vm.specification.vendor" value="Oracle Corporation"/>
    <property name="surefire.real.class.path" value="/home/agustin/Desktop/DHS-Proyecto/proyecto/target/surefire/surefirebooter17479378129066368408.jar"/>
    <property name="sun.management.compiler" value="HotSpot 64-Bit Tiered Compilers"/>
    <property name="java.runtime.version" value="21.0.5+11-Ubuntu-1ubuntu124.04"/>
    <property name="user.name" value="agustin"/>
    <property name="stdout.encoding" value="UTF-8"/>
    <property name="path.separator" value=":"/>
    <property name="os.version" value="6.8.0-51-generic"/>
    <property name="java.runtime.name" value="OpenJDK Runtime Environment"/>
    <property name="file.encoding" value="UTF-8"/>
    <property name="java.vm.name" value="OpenJDK 64-Bit Server VM"/>
    <property name="localRepository" value="/home/agustin/.m2/repository"/>
    <property name="java.vendor.url.bug" value="https://bugs.launchpad.net/ubuntu/+source/openjdk-21"/>
    <property name="java.io.tmpdir" value="/tmp"/>
    <property name="java.version" value="21.0.5"/>
    <property name="user.dir" value="/home/agustin/Desktop/DHS-Proyecto/proyecto"/>
    <property name="os.arch" value="amd64"/>
    <property name="java.vm.specification.name" value="Java Virtual Machine Specification"/>
    <property name="native.encoding" value="UTF-8"/>
    <property name="java.library.path" value="/usr/java/packages/lib:/usr/lib/x86_64-linux-gnu/jni:/lib/x86_64-linux-gnu:/usr/lib/x86_64-linux-gnu:/usr/lib/jni:/lib:/usr/lib"/>
    <property name="java.vm.info" value="mixed mode, sharing"/>
    <property name="stderr.encoding" value="UTF-8"/>
    <property name="java.vendor" value="Ubuntu"/>
    <property name="java.vm.version" value="21.0.5+11-Ubuntu-1ubuntu124.04"/>
    <property name="sun.io.unicode.encoding" value="UnicodeLittle"/>
    <property name="java.class.version" value="65.0"/>
  </properties>
  <testcase name="shouldAnswerWithTrue" classname="proyecto.AppTest" time="0.005"/>
</testsuite>